12/9/2020 12:03:04 AM	This log contains information about the import schema operation into project 'SinvozUserType' on computer 'ARSA' by user 'ARSA'.
12/9/2020 12:03:04 AM	Import of database schema has started.
12/9/2020 12:03:11 AM	Gathering database options
12/9/2020 12:03:11 AM	Gathering users
12/9/2020 12:03:11 AM	Gathering roles
12/9/2020 12:03:11 AM	Gathering application roles
12/9/2020 12:03:11 AM	Gathering role memberships
12/9/2020 12:03:11 AM	Gathering filegroups
12/9/2020 12:03:11 AM	Gathering full-text catalogs
12/9/2020 12:03:11 AM	Gathering assemblies
12/9/2020 12:03:11 AM	Gathering certificates
12/9/2020 12:03:11 AM	Gathering asymmetric keys
12/9/2020 12:03:11 AM	Gathering symmetric keys
12/9/2020 12:03:11 AM	Gathering encrypted symmetric keys
12/9/2020 12:03:11 AM	Gathering schemas
12/9/2020 12:03:11 AM	Gathering XML schema collections
12/9/2020 12:03:11 AM	Gathering user-defined data types
12/9/2020 12:03:11 AM	Gathering user-defined types
12/9/2020 12:03:11 AM	Gathering table types
12/9/2020 12:03:11 AM	Gathering unique keys for table types
12/9/2020 12:03:11 AM	Gathering primary keys for table types
12/9/2020 12:03:11 AM	Gathering indexes for table types
12/9/2020 12:03:11 AM	Gathering check constraints for table types
12/9/2020 12:03:11 AM	Gathering default constraints for table types
12/9/2020 12:03:11 AM	Gathering partition functions
12/9/2020 12:03:11 AM	Gathering partition schemes
12/9/2020 12:03:11 AM	Gathering functions
12/9/2020 12:03:11 AM	Gathering encrypted functions
12/9/2020 12:03:11 AM	Gathering aggregates
12/9/2020 12:03:11 AM	Gathering procedures
12/9/2020 12:03:11 AM	Gathering encrypted procedures
12/9/2020 12:03:11 AM	Gathering tables
12/9/2020 12:03:11 AM	Gathering primary keys
12/9/2020 12:03:11 AM	Gathering unique constraints
12/9/2020 12:03:11 AM	Gathering foreign keys
12/9/2020 12:03:11 AM	Gathering default constraints
12/9/2020 12:03:11 AM	Gathering check constraints
12/9/2020 12:03:11 AM	Gathering views
12/9/2020 12:03:11 AM	Gathering encrypted views
12/9/2020 12:03:11 AM	Gathering indexes
12/9/2020 12:03:11 AM	Gathering statistics
12/9/2020 12:03:11 AM	Gathering full-text index stoplists
12/9/2020 12:03:11 AM	Gathering search property lists
12/9/2020 12:03:11 AM	Gathering search properties
12/9/2020 12:03:11 AM	Gathering full-text indexes
12/9/2020 12:03:11 AM	Gathering column store indexes
12/9/2020 12:03:11 AM	Gathering spatial indexes
12/9/2020 12:03:11 AM	Gathering XML indexes
12/9/2020 12:03:11 AM	Gathering Selective XML indexes
12/9/2020 12:03:11 AM	Gathering encrypted triggers
12/9/2020 12:03:11 AM	Gathering triggers
12/9/2020 12:03:11 AM	Gathering encrypted and clr ddl triggers
12/9/2020 12:03:11 AM	Gathering ddl triggers
12/9/2020 12:03:11 AM	Gathering synonyms
12/9/2020 12:03:11 AM	Gathering defaults
12/9/2020 12:03:11 AM	Gathering data constraint uddt bindings
12/9/2020 12:03:11 AM	Gathering rules
12/9/2020 12:03:11 AM	Gathering data constraint uddt bindings
12/9/2020 12:03:11 AM	Gathering message types
12/9/2020 12:03:11 AM	Gathering queues
12/9/2020 12:03:11 AM	Gathering contracts
12/9/2020 12:03:11 AM	Gathering services
12/9/2020 12:03:11 AM	Gathering event notifications
12/9/2020 12:03:11 AM	Gathering remote service bindings
12/9/2020 12:03:11 AM	Gathering broker priorities
12/9/2020 12:03:11 AM	Gathering signatures
12/9/2020 12:03:11 AM	Gathering data compression options
12/9/2020 12:03:11 AM	Gathering sequence types
12/9/2020 12:03:11 AM	Gathering extended properties
12/9/2020 12:03:11 AM	Gathering credentials
12/9/2020 12:03:11 AM	Gathering logins
12/9/2020 12:03:11 AM	Gathering server audits
12/9/2020 12:03:12 AM	Scanning project for duplicate elements
12/9/2020 12:03:12 AM	Finished duplicate element processing
12/9/2020 12:03:12 AM	Finished importing database.
12/9/2020 12:03:12 AM	A summary of the import was saved to the following location: C:\Users\ARSA\Desktop\BB\Baze2\Alex\SinvozUserType\SinvozUserType\Import Schema Logs\SinvozUserType_20201208110304.log
12/9/2020 12:03:12 AM	Click Finish to continue...
